<?xml version="1.0" encoding="UTF-8"?>
<TestRun id="01cd9eaf-1fe4-42f1-9ad5-59ab49920659" name="320050765@INGBTCPIC5NBC45 2019-09-18 11:59:47" runUser="CODE1\320050765" xmlns="http://microsoft.com/schemas/VisualStudio/TeamTest/2010">
  <TestSettings name="Default Test Settings" id="43b11933-06b1-4769-8e28-12670846bde5">
    <Execution>
      <TestTypeSpecific />
      <AgentRule name="Execution Agents">
      </AgentRule>
    </Execution>
    <Deployment runDeploymentRoot="320050765_INGBTCPIC5NBC45 2019-09-18 11_59_47" />
    <Properties />
  </TestSettings>
  <Times creation="2019-09-18T11:59:47.5184524+05:30" queuing="2019-09-18T11:59:47.9124028+05:30" start="2019-09-18T11:59:47.9971391+05:30" finish="2019-09-18T11:59:48.2914068+05:30" />
  <ResultSummary outcome="Completed">
    <Counters total="1" executed="1" passed="1" error="0" failed="0" timeout="0" aborted="0" inconclusive="0" passedButRunAborted="0" notRunnable="0" notExecuted="0" disconnected="0" warning="0" completed="0" inProgress="0" pending="0" />
  </ResultSummary>
  <TestDefinitions>
    <UnitTest name="Given_WrongXmlPath_Read_Method_Invoked__Expected_dataModelsList_Count_IsZero" storage="c:\users\320050765\philipscasestudy-2\statictoolanalyzer\fxcopreaderlib.tests\bin\debug\fxcopreaderlib.tests.dll" id="6a098047-50d9-1a4d-d3bc-213e9916d707">
      <Execution id="2f1f060a-d1b3-4d1e-ad35-05e38c8b4569" />
      <TestMethod codeBase="C:/Users/320050765/PhilipsCaseStudy-2/StaticToolAnalyzer/FxCopReaderLib.Tests/bin/Debug/FxCopReaderLib.Tests.DLL" adapterTypeName="Microsoft.VisualStudio.TestTools.TestTypes.Unit.UnitTestAdapter, Microsoft.VisualStudio.QualityTools.Tips.UnitTest.Adapter, Version=14.0.0.0, Culture=neutral, PublicKeyToken=b03f5f7f11d50a3a" className="FxCopReaderLib.Tests.FxCopReaderUnitTest, FxCopReaderLib.Tests, Version=1.0.0.0, Culture=neutral, PublicKeyToken=null" name="Given_WrongXmlPath_Read_Method_Invoked__Expected_dataModelsList_Count_IsZero" />
    </UnitTest>
  </TestDefinitions>
  <TestLists>
    <TestList name="Results Not in a List" id="8c84fa94-04c1-424b-9868-57a2d4851a1d" />
    <TestList name="All Loaded Results" id="19431567-8539-422a-85d7-44ee4e166bda" />
  </TestLists>
  <TestEntries>
    <TestEntry testId="6a098047-50d9-1a4d-d3bc-213e9916d707" executionId="2f1f060a-d1b3-4d1e-ad35-05e38c8b4569" testListId="8c84fa94-04c1-424b-9868-57a2d4851a1d" />
  </TestEntries>
  <Results>
    <UnitTestResult executionId="2f1f060a-d1b3-4d1e-ad35-05e38c8b4569" testId="6a098047-50d9-1a4d-d3bc-213e9916d707" testName="Given_WrongXmlPath_Read_Method_Invoked__Expected_dataModelsList_Count_IsZero" computerName="INGBTCPIC5NBC45" duration="00:00:00.0161699" startTime="2019-09-18T11:59:48.0211118+05:30" endTime="2019-09-18T11:59:48.2505542+05:30" testType="13cdc9d9-ddb5-4fa4-a97d-d965ccfc6d4b" outcome="Passed" testListId="8c84fa94-04c1-424b-9868-57a2d4851a1d" relativeResultsDirectory="2f1f060a-d1b3-4d1e-ad35-05e38c8b4569">
    </UnitTestResult>
  </Results>
</TestRun>