<?xml version="1.0" encoding="UTF-8"?>
<TestRun id="22b40073-9424-4067-836f-9d6585415dd8" name="320050765@INGBTCPIC5NBC45 2019-09-18 11:58:33" runUser="CODE1\320050765" xmlns="http://microsoft.com/schemas/VisualStudio/TeamTest/2010">
  <TestSettings name="Default Test Settings" id="64391021-5f4c-48f5-97d1-f063a4713c57">
    <Execution>
      <TestTypeSpecific />
      <AgentRule name="Execution Agents">
      </AgentRule>
    </Execution>
    <Deployment runDeploymentRoot="320050765_INGBTCPIC5NBC45 2019-09-18 11_58_33" />
    <Properties />
  </TestSettings>
  <Times creation="2019-09-18T11:58:33.5408974+05:30" queuing="2019-09-18T11:58:33.9348128+05:30" start="2019-09-18T11:58:34.0185891+05:30" finish="2019-09-18T11:58:34.3137994+05:30" />
  <ResultSummary outcome="Completed">
    <Counters total="1" executed="1" passed="1" error="0" failed="0" timeout="0" aborted="0" inconclusive="0" passedButRunAborted="0" notRunnable="0" notExecuted="0" disconnected="0" warning="0" completed="0" inProgress="0" pending="0" />
  </ResultSummary>
  <TestDefinitions>
    <UnitTest name="Given_WrongXmlPath_Read_Method_Invoked__Expected_dataModelsList_Count_IsZero" storage="c:\users\320050765\philipscasestudy-2\statictoolanalyzer\fxcopreaderlib.tests\bin\debug\fxcopreaderlib.tests.dll" id="6a098047-50d9-1a4d-d3bc-213e9916d707">
      <Execution id="fcd3e422-7c58-4f3c-b291-d9442723bd5e" />
      <TestMethod codeBase="C:/Users/320050765/PhilipsCaseStudy-2/StaticToolAnalyzer/FxCopReaderLib.Tests/bin/Debug/FxCopReaderLib.Tests.DLL" adapterTypeName="Microsoft.VisualStudio.TestTools.TestTypes.Unit.UnitTestAdapter, Microsoft.VisualStudio.QualityTools.Tips.UnitTest.Adapter, Version=14.0.0.0, Culture=neutral, PublicKeyToken=b03f5f7f11d50a3a" className="FxCopReaderLib.Tests.FxCopReaderUnitTest, FxCopReaderLib.Tests, Version=1.0.0.0, Culture=neutral, PublicKeyToken=null" name="Given_WrongXmlPath_Read_Method_Invoked__Expected_dataModelsList_Count_IsZero" />
    </UnitTest>
  </TestDefinitions>
  <TestLists>
    <TestList name="Results Not in a List" id="8c84fa94-04c1-424b-9868-57a2d4851a1d" />
    <TestList name="All Loaded Results" id="19431567-8539-422a-85d7-44ee4e166bda" />
  </TestLists>
  <TestEntries>
    <TestEntry testId="6a098047-50d9-1a4d-d3bc-213e9916d707" executionId="fcd3e422-7c58-4f3c-b291-d9442723bd5e" testListId="8c84fa94-04c1-424b-9868-57a2d4851a1d" />
  </TestEntries>
  <Results>
    <UnitTestResult executionId="fcd3e422-7c58-4f3c-b291-d9442723bd5e" testId="6a098047-50d9-1a4d-d3bc-213e9916d707" testName="Given_WrongXmlPath_Read_Method_Invoked__Expected_dataModelsList_Count_IsZero" computerName="INGBTCPIC5NBC45" duration="00:00:00.0158271" startTime="2019-09-18T11:58:34.0435571+05:30" endTime="2019-09-18T11:58:34.2739074+05:30" testType="13cdc9d9-ddb5-4fa4-a97d-d965ccfc6d4b" outcome="Passed" testListId="8c84fa94-04c1-424b-9868-57a2d4851a1d" relativeResultsDirectory="fcd3e422-7c58-4f3c-b291-d9442723bd5e">
    </UnitTestResult>
  </Results>
</TestRun>