<?xml version="1.0" encoding="UTF-8"?>
<TestRun id="13471bfa-08ad-4a07-b7cb-03ee60046def" name="320050765@INGBTCPIC5NBC45 2019-09-18 11:59:46" runUser="CODE1\320050765" xmlns="http://microsoft.com/schemas/VisualStudio/TeamTest/2010">
  <TestSettings name="Default Test Settings" id="2deab359-3800-44dd-96f9-b5c42811d970">
    <Execution>
      <TestTypeSpecific />
      <AgentRule name="Execution Agents">
      </AgentRule>
    </Execution>
    <Deployment runDeploymentRoot="320050765_INGBTCPIC5NBC45 2019-09-18 11_59_46" />
    <Properties />
  </TestSettings>
  <Times creation="2019-09-18T11:59:46.0424035+05:30" queuing="2019-09-18T11:59:46.4494046+05:30" start="2019-09-18T11:59:46.5331381+05:30" finish="2019-09-18T11:59:46.8243577+05:30" />
  <ResultSummary outcome="Completed">
    <Counters total="1" executed="1" passed="1" error="0" failed="0" timeout="0" aborted="0" inconclusive="0" passedButRunAborted="0" notRunnable="0" notExecuted="0" disconnected="0" warning="0" completed="0" inProgress="0" pending="0" />
  </ResultSummary>
  <TestDefinitions>
    <UnitTest name="Given_UserFilePath_When_ProcessInput_Invoked_Then_ExpectedTo_Return_False" storage="c:\users\320050765\philipscasestudy-2\statictoolanalyzer\fxcopanalyzerlib.tests\bin\debug\fxcopanalyzerlib.tests.dll" id="8e80c30e-e078-8ee5-1c4b-8fa918599d03">
      <Execution id="950f6188-0b26-40e0-906f-89532762b6b8" />
      <TestMethod codeBase="C:/Users/320050765/PhilipsCaseStudy-2/StaticToolAnalyzer/FxCopAnalyzerLib.Tests/bin/Debug/FxCopAnalyzerLib.Tests.DLL" adapterTypeName="Microsoft.VisualStudio.TestTools.TestTypes.Unit.UnitTestAdapter, Microsoft.VisualStudio.QualityTools.Tips.UnitTest.Adapter, Version=14.0.0.0, Culture=neutral, PublicKeyToken=b03f5f7f11d50a3a" className="FxCopAnalyzerLib.Tests.FxCopAnalyzerUnitTest, FxCopAnalyzerLib.Tests, Version=1.0.0.0, Culture=neutral, PublicKeyToken=null" name="Given_UserFilePath_When_ProcessInput_Invoked_Then_ExpectedTo_Return_False" />
    </UnitTest>
  </TestDefinitions>
  <TestLists>
    <TestList name="Results Not in a List" id="8c84fa94-04c1-424b-9868-57a2d4851a1d" />
    <TestList name="All Loaded Results" id="19431567-8539-422a-85d7-44ee4e166bda" />
  </TestLists>
  <TestEntries>
    <TestEntry testId="8e80c30e-e078-8ee5-1c4b-8fa918599d03" executionId="950f6188-0b26-40e0-906f-89532762b6b8" testListId="8c84fa94-04c1-424b-9868-57a2d4851a1d" />
  </TestEntries>
  <Results>
    <UnitTestResult executionId="950f6188-0b26-40e0-906f-89532762b6b8" testId="8e80c30e-e078-8ee5-1c4b-8fa918599d03" testName="Given_UserFilePath_When_ProcessInput_Invoked_Then_ExpectedTo_Return_False" computerName="INGBTCPIC5NBC45" duration="00:00:00.0132445" startTime="2019-09-18T11:59:46.5571167+05:30" endTime="2019-09-18T11:59:46.7834701+05:30" testType="13cdc9d9-ddb5-4fa4-a97d-d965ccfc6d4b" outcome="Passed" testListId="8c84fa94-04c1-424b-9868-57a2d4851a1d" relativeResultsDirectory="950f6188-0b26-40e0-906f-89532762b6b8">
    </UnitTestResult>
  </Results>
</TestRun>