<?xml version="1.0" encoding="UTF-8"?>
<TestRun id="a7decc11-9341-4e42-a9d6-e6c9eb9a21ba" name="320050765@INGBTCPIC5NBC45 2019-09-18 11:58:37" runUser="CODE1\320050765" xmlns="http://microsoft.com/schemas/VisualStudio/TeamTest/2010">
  <TestSettings name="Default Test Settings" id="ce5cd944-d2a0-4e87-b7cb-0288619db3fb">
    <Execution>
      <TestTypeSpecific />
      <AgentRule name="Execution Agents">
      </AgentRule>
    </Execution>
    <Deployment runDeploymentRoot="320050765_INGBTCPIC5NBC45 2019-09-18 11_58_37" />
    <Properties />
  </TestSettings>
  <Times creation="2019-09-18T11:58:37.9939447+05:30" queuing="2019-09-18T11:58:38.3908604+05:30" start="2019-09-18T11:58:38.4776294+05:30" finish="2019-09-18T11:58:39.2605239+05:30" />
  <ResultSummary outcome="Completed">
    <Counters total="1" executed="1" passed="1" error="0" failed="0" timeout="0" aborted="0" inconclusive="0" passedButRunAborted="0" notRunnable="0" notExecuted="0" disconnected="0" warning="0" completed="0" inProgress="0" pending="0" />
  </ResultSummary>
  <TestDefinitions>
    <UnitTest name="Given_AnalyzerExePath_When_RunAnalyzerProcess_Then_StatusIsTrue" storage="c:\users\320050765\philipscasestudy-2\statictoolanalyzer\staticanalyzerutilitieslib.tests\bin\debug\staticanalyzerutilitieslib.tests.dll" id="6568bbf6-3d57-a81f-8b22-fdef4bfaf1c7">
      <Execution id="94ebe1b2-34e5-4ebb-8413-8f0fa09a6a48" />
      <TestMethod codeBase="C:/Users/320050765/PhilipsCaseStudy-2/StaticToolAnalyzer/StaticAnalyzerUtilitiesLib.Tests/bin/Debug/StaticAnalyzerUtilitiesLib.Tests.DLL" adapterTypeName="Microsoft.VisualStudio.TestTools.TestTypes.Unit.UnitTestAdapter, Microsoft.VisualStudio.QualityTools.Tips.UnitTest.Adapter, Version=14.0.0.0, Culture=neutral, PublicKeyToken=b03f5f7f11d50a3a" className="StaticAnalyzerUtilitiesLib.Tests.StaticAnalyzerUtilitiesUnitTest, StaticAnalyzerUtilitiesLib.Tests, Version=1.0.0.0, Culture=neutral, PublicKeyToken=null" name="Given_AnalyzerExePath_When_RunAnalyzerProcess_Then_StatusIsTrue" />
    </UnitTest>
  </TestDefinitions>
  <TestLists>
    <TestList name="Results Not in a List" id="8c84fa94-04c1-424b-9868-57a2d4851a1d" />
    <TestList name="All Loaded Results" id="19431567-8539-422a-85d7-44ee4e166bda" />
  </TestLists>
  <TestEntries>
    <TestEntry testId="6568bbf6-3d57-a81f-8b22-fdef4bfaf1c7" executionId="94ebe1b2-34e5-4ebb-8413-8f0fa09a6a48" testListId="8c84fa94-04c1-424b-9868-57a2d4851a1d" />
  </TestEntries>
  <Results>
    <UnitTestResult executionId="94ebe1b2-34e5-4ebb-8413-8f0fa09a6a48" testId="6568bbf6-3d57-a81f-8b22-fdef4bfaf1c7" testName="Given_AnalyzerExePath_When_RunAnalyzerProcess_Then_StatusIsTrue" computerName="INGBTCPIC5NBC45" duration="00:00:00.5023615" startTime="2019-09-18T11:58:38.5015635+05:30" endTime="2019-09-18T11:58:39.2186351+05:30" testType="13cdc9d9-ddb5-4fa4-a97d-d965ccfc6d4b" outcome="Passed" testListId="8c84fa94-04c1-424b-9868-57a2d4851a1d" relativeResultsDirectory="94ebe1b2-34e5-4ebb-8413-8f0fa09a6a48">
    </UnitTestResult>
  </Results>
</TestRun>