<?xml version="1.0" encoding="UTF-8"?>
<TestRun id="033f78fe-4b13-4903-807e-67b7cd7eb2fd" name="320050765@INGBTCPIC5NBC45 2019-09-18 11:58:41" runUser="CODE1\320050765" xmlns="http://microsoft.com/schemas/VisualStudio/TeamTest/2010">
  <TestSettings name="Default Test Settings" id="4f8fe8d2-296b-431e-b2cf-137c92879138">
    <Execution>
      <TestTypeSpecific />
      <AgentRule name="Execution Agents">
      </AgentRule>
    </Execution>
    <Deployment runDeploymentRoot="320050765_INGBTCPIC5NBC45 2019-09-18 11_58_41" />
    <Properties />
  </TestSettings>
  <Times creation="2019-09-18T11:58:41.7273038+05:30" queuing="2019-09-18T11:58:42.1292267+05:30" start="2019-09-18T11:58:42.2219788+05:30" finish="2019-09-18T11:58:42.5222142+05:30" />
  <ResultSummary outcome="Completed">
    <Counters total="1" executed="1" passed="1" error="0" failed="0" timeout="0" aborted="0" inconclusive="0" passedButRunAborted="0" notRunnable="0" notExecuted="0" disconnected="0" warning="0" completed="0" inProgress="0" pending="0" />
  </ResultSummary>
  <TestDefinitions>
    <UnitTest name="Given_OutputFilePath_WhenWriteIsInvokedAndFileIsCreated_ThenSuccessIsExpected" storage="c:\users\320050765\philipscasestudy-2\statictoolanalyzer\textwriterlib.tests\bin\debug\textwriterlib.tests.dll" id="3137476e-ea8b-18f0-e383-9d7d46481433">
      <Execution id="ce79b1f4-522b-4e10-b2bc-2a7a677d3077" />
      <TestMethod codeBase="C:/Users/320050765/PhilipsCaseStudy-2/StaticToolAnalyzer/TextWriterLib.Tests/bin/Debug/TextWriterLib.Tests.DLL" adapterTypeName="Microsoft.VisualStudio.TestTools.TestTypes.Unit.UnitTestAdapter, Microsoft.VisualStudio.QualityTools.Tips.UnitTest.Adapter, Version=14.0.0.0, Culture=neutral, PublicKeyToken=b03f5f7f11d50a3a" className="TextWriterLib.Tests.TextWriterUnitTest, TextWriterLib.Tests, Version=1.0.0.0, Culture=neutral, PublicKeyToken=null" name="Given_OutputFilePath_WhenWriteIsInvokedAndFileIsCreated_ThenSuccessIsExpected" />
    </UnitTest>
  </TestDefinitions>
  <TestLists>
    <TestList name="Results Not in a List" id="8c84fa94-04c1-424b-9868-57a2d4851a1d" />
    <TestList name="All Loaded Results" id="19431567-8539-422a-85d7-44ee4e166bda" />
  </TestLists>
  <TestEntries>
    <TestEntry testId="3137476e-ea8b-18f0-e383-9d7d46481433" executionId="ce79b1f4-522b-4e10-b2bc-2a7a677d3077" testListId="8c84fa94-04c1-424b-9868-57a2d4851a1d" />
  </TestEntries>
  <Results>
    <UnitTestResult executionId="ce79b1f4-522b-4e10-b2bc-2a7a677d3077" testId="3137476e-ea8b-18f0-e383-9d7d46481433" testName="Given_OutputFilePath_WhenWriteIsInvokedAndFileIsCreated_ThenSuccessIsExpected" computerName="INGBTCPIC5NBC45" duration="00:00:00.0182374" startTime="2019-09-18T11:58:42.2469494+05:30" endTime="2019-09-18T11:58:42.4832813+05:30" testType="13cdc9d9-ddb5-4fa4-a97d-d965ccfc6d4b" outcome="Passed" testListId="8c84fa94-04c1-424b-9868-57a2d4851a1d" relativeResultsDirectory="ce79b1f4-522b-4e10-b2bc-2a7a677d3077">
    </UnitTestResult>
  </Results>
</TestRun>