<?xml version="1.0" encoding="UTF-8"?>
<TestRun id="ff0790f2-1e28-4e2d-8a21-5b9134e071d1" name="320050765@INGBTCPIC5NBC45 2019-09-18 14:41:10" runUser="CODE1\320050765" xmlns="http://microsoft.com/schemas/VisualStudio/TeamTest/2010">
  <TestSettings name="Default Test Settings" id="70e92e65-3d45-4c38-b6ea-1c9c9bfee1b5">
    <Execution>
      <TestTypeSpecific />
      <AgentRule name="Execution Agents">
      </AgentRule>
    </Execution>
    <Deployment runDeploymentRoot="320050765_INGBTCPIC5NBC45 2019-09-18 14_41_10" />
    <Properties />
  </TestSettings>
  <Times creation="2019-09-18T14:41:10.3393984+05:30" queuing="2019-09-18T14:41:10.7474742+05:30" start="2019-09-18T14:41:10.8362385+05:30" finish="2019-09-18T14:41:11.1345723+05:30" />
  <ResultSummary outcome="Completed">
    <Counters total="1" executed="1" passed="1" error="0" failed="0" timeout="0" aborted="0" inconclusive="0" passedButRunAborted="0" notRunnable="0" notExecuted="0" disconnected="0" warning="0" completed="0" inProgress="0" pending="0" />
  </ResultSummary>
  <TestDefinitions>
    <UnitTest name="Given_OutputFilePath_WhenWriteIsInvokedAndFileIsCreated_ThenSuccessIsExpected" storage="c:\users\320050765\philipscasestudy-2\statictoolanalyzer\textwriterlib.tests\bin\debug\textwriterlib.tests.dll" id="3137476e-ea8b-18f0-e383-9d7d46481433">
      <Execution id="0f8b5a2d-bb7f-4ecb-84a4-6de4d8eb0554" />
      <TestMethod codeBase="C:/Users/320050765/PhilipsCaseStudy-2/StaticToolAnalyzer/TextWriterLib.Tests/bin/Debug/TextWriterLib.Tests.DLL" adapterTypeName="Microsoft.VisualStudio.TestTools.TestTypes.Unit.UnitTestAdapter, Microsoft.VisualStudio.QualityTools.Tips.UnitTest.Adapter, Version=14.0.0.0, Culture=neutral, PublicKeyToken=b03f5f7f11d50a3a" className="TextWriterLib.Tests.TextWriterUnitTest, TextWriterLib.Tests, Version=1.0.0.0, Culture=neutral, PublicKeyToken=null" name="Given_OutputFilePath_WhenWriteIsInvokedAndFileIsCreated_ThenSuccessIsExpected" />
    </UnitTest>
  </TestDefinitions>
  <TestLists>
    <TestList name="Results Not in a List" id="8c84fa94-04c1-424b-9868-57a2d4851a1d" />
    <TestList name="All Loaded Results" id="19431567-8539-422a-85d7-44ee4e166bda" />
  </TestLists>
  <TestEntries>
    <TestEntry testId="3137476e-ea8b-18f0-e383-9d7d46481433" executionId="0f8b5a2d-bb7f-4ecb-84a4-6de4d8eb0554" testListId="8c84fa94-04c1-424b-9868-57a2d4851a1d" />
  </TestEntries>
  <Results>
    <UnitTestResult executionId="0f8b5a2d-bb7f-4ecb-84a4-6de4d8eb0554" testId="3137476e-ea8b-18f0-e383-9d7d46481433" testName="Given_OutputFilePath_WhenWriteIsInvokedAndFileIsCreated_ThenSuccessIsExpected" computerName="INGBTCPIC5NBC45" duration="00:00:00.0170046" startTime="2019-09-18T14:41:10.8611711+05:30" endTime="2019-09-18T14:41:11.0963211+05:30" testType="13cdc9d9-ddb5-4fa4-a97d-d965ccfc6d4b" outcome="Passed" testListId="8c84fa94-04c1-424b-9868-57a2d4851a1d" relativeResultsDirectory="0f8b5a2d-bb7f-4ecb-84a4-6de4d8eb0554">
    </UnitTestResult>
  </Results>
</TestRun>