<?xml version="1.0" encoding="UTF-8"?>
<TestRun id="15b35632-f124-4755-842a-2c59e5e6b459" name="320050765@INGBTCPIC5NBC45 2019-09-18 15:17:34" runUser="CODE1\320050765" xmlns="http://microsoft.com/schemas/VisualStudio/TeamTest/2010">
  <TestSettings name="Default Test Settings" id="884c05f8-8687-4f37-adfb-70d28d3ea854">
    <Execution>
      <TestTypeSpecific />
      <AgentRule name="Execution Agents">
      </AgentRule>
    </Execution>
    <Deployment runDeploymentRoot="320050765_INGBTCPIC5NBC45 2019-09-18 15_17_34" />
    <Properties />
  </TestSettings>
  <Times creation="2019-09-18T15:17:34.2106165+05:30" queuing="2019-09-18T15:17:34.6276113+05:30" start="2019-09-18T15:17:34.7223121+05:30" finish="2019-09-18T15:17:35.0341960+05:30" />
  <ResultSummary outcome="Completed">
    <Counters total="1" executed="1" passed="1" error="0" failed="0" timeout="0" aborted="0" inconclusive="0" passedButRunAborted="0" notRunnable="0" notExecuted="0" disconnected="0" warning="0" completed="0" inProgress="0" pending="0" />
  </ResultSummary>
  <TestDefinitions>
    <UnitTest name="Given_UserFilePath_When_ProcessInput_Invoked_Then_ExpectedTo_Return_False" storage="c:\users\320050765\philipscasestudy-2\statictoolanalyzer\ndependanalyzerlib.tests\bin\debug\ndependanalyzerlib.tests.dll" id="3da76880-2e2f-001f-a135-1a74c898f811">
      <Execution id="b7fe778b-8e00-4b14-91a9-1900f93ed0c8" />
      <TestMethod codeBase="C:/Users/320050765/PhilipsCaseStudy-2/StaticToolAnalyzer/NDependAnalyzerLib.Tests/bin/Debug/NDependAnalyzerLib.Tests.DLL" adapterTypeName="Microsoft.VisualStudio.TestTools.TestTypes.Unit.UnitTestAdapter, Microsoft.VisualStudio.QualityTools.Tips.UnitTest.Adapter, Version=14.0.0.0, Culture=neutral, PublicKeyToken=b03f5f7f11d50a3a" className="NDependAnalyzerLib.Tests.NDepenedAnalyzerUnitTests, NDependAnalyzerLib.Tests, Version=1.0.0.0, Culture=neutral, PublicKeyToken=null" name="Given_UserFilePath_When_ProcessInput_Invoked_Then_ExpectedTo_Return_False" />
    </UnitTest>
  </TestDefinitions>
  <TestLists>
    <TestList name="Results Not in a List" id="8c84fa94-04c1-424b-9868-57a2d4851a1d" />
    <TestList name="All Loaded Results" id="19431567-8539-422a-85d7-44ee4e166bda" />
  </TestLists>
  <TestEntries>
    <TestEntry testId="3da76880-2e2f-001f-a135-1a74c898f811" executionId="b7fe778b-8e00-4b14-91a9-1900f93ed0c8" testListId="8c84fa94-04c1-424b-9868-57a2d4851a1d" />
  </TestEntries>
  <Results>
    <UnitTestResult executionId="b7fe778b-8e00-4b14-91a9-1900f93ed0c8" testId="3da76880-2e2f-001f-a135-1a74c898f811" testName="Given_UserFilePath_When_ProcessInput_Invoked_Then_ExpectedTo_Return_False" computerName="INGBTCPIC5NBC45" duration="00:00:00.0145326" startTime="2019-09-18T15:17:34.7482448+05:30" endTime="2019-09-18T15:17:34.9923047+05:30" testType="13cdc9d9-ddb5-4fa4-a97d-d965ccfc6d4b" outcome="Passed" testListId="8c84fa94-04c1-424b-9868-57a2d4851a1d" relativeResultsDirectory="b7fe778b-8e00-4b14-91a9-1900f93ed0c8">
    </UnitTestResult>
  </Results>
</TestRun>