<?xml version="1.0" encoding="UTF-8"?>
<TestRun id="9366ad58-3e36-4d83-87c1-f637739bc511" name="320050765@INGBTCPIC5NBC45 2019-09-18 15:17:35" runUser="CODE1\320050765" xmlns="http://microsoft.com/schemas/VisualStudio/TeamTest/2010">
  <TestSettings name="Default Test Settings" id="eff0b693-ba8b-41ef-8d34-aedf491c5d18">
    <Execution>
      <TestTypeSpecific />
      <AgentRule name="Execution Agents">
      </AgentRule>
    </Execution>
    <Deployment runDeploymentRoot="320050765_INGBTCPIC5NBC45 2019-09-18 15_17_35" />
    <Properties />
  </TestSettings>
  <Times creation="2019-09-18T15:17:35.7273468+05:30" queuing="2019-09-18T15:17:36.1549080+05:30" start="2019-09-18T15:17:36.2439530+05:30" finish="2019-09-18T15:17:36.5512031+05:30" />
  <ResultSummary outcome="Completed">
    <Counters total="1" executed="1" passed="1" error="0" failed="0" timeout="0" aborted="0" inconclusive="0" passedButRunAborted="0" notRunnable="0" notExecuted="0" disconnected="0" warning="0" completed="0" inProgress="0" pending="0" />
  </ResultSummary>
  <TestDefinitions>
    <UnitTest name="Given_WrongXmlPath_Read_Method_Invoked__Expected_dataModelsList_Count_IsZero" storage="c:\users\320050765\philipscasestudy-2\statictoolanalyzer\ndependreaderlib.tests\bin\debug\ndependreaderlib.tests.dll" id="e2519e2a-fae4-6359-6e7f-d10f8bed1681">
      <Execution id="b114ba37-a60b-45f2-8760-c9b186f24fed" />
      <TestMethod codeBase="C:/Users/320050765/PhilipsCaseStudy-2/StaticToolAnalyzer/NDependReaderLib.Tests/bin/Debug/NDependReaderLib.Tests.DLL" adapterTypeName="Microsoft.VisualStudio.TestTools.TestTypes.Unit.UnitTestAdapter, Microsoft.VisualStudio.QualityTools.Tips.UnitTest.Adapter, Version=14.0.0.0, Culture=neutral, PublicKeyToken=b03f5f7f11d50a3a" className="NDependReaderLib.Tests.NDependReaderUnitTests, NDependReaderLib.Tests, Version=1.0.0.0, Culture=neutral, PublicKeyToken=null" name="Given_WrongXmlPath_Read_Method_Invoked__Expected_dataModelsList_Count_IsZero" />
    </UnitTest>
  </TestDefinitions>
  <TestLists>
    <TestList name="Results Not in a List" id="8c84fa94-04c1-424b-9868-57a2d4851a1d" />
    <TestList name="All Loaded Results" id="19431567-8539-422a-85d7-44ee4e166bda" />
  </TestLists>
  <TestEntries>
    <TestEntry testId="e2519e2a-fae4-6359-6e7f-d10f8bed1681" executionId="b114ba37-a60b-45f2-8760-c9b186f24fed" testListId="8c84fa94-04c1-424b-9868-57a2d4851a1d" />
  </TestEntries>
  <Results>
    <UnitTestResult executionId="b114ba37-a60b-45f2-8760-c9b186f24fed" testId="e2519e2a-fae4-6359-6e7f-d10f8bed1681" testName="Given_WrongXmlPath_Read_Method_Invoked__Expected_dataModelsList_Count_IsZero" computerName="INGBTCPIC5NBC45" duration="00:00:00.0174759" startTime="2019-09-18T15:17:36.2698868+05:30" endTime="2019-09-18T15:17:36.5097126+05:30" testType="13cdc9d9-ddb5-4fa4-a97d-d965ccfc6d4b" outcome="Passed" testListId="8c84fa94-04c1-424b-9868-57a2d4851a1d" relativeResultsDirectory="b114ba37-a60b-45f2-8760-c9b186f24fed">
    </UnitTestResult>
  </Results>
</TestRun>